#
# A fatal error has been detected by the Java Runtime Environment:
#
#  Internal Error (classFileParser.cpp:3494), pid=2068, tid=2412
#  Error: ShouldNotReachHere()
#
# JRE version: 6.0_43-b01
# Java VM: Java HotSpot(TM) Client VM (20.14-b01 mixed mode windows-x86 )
# If you would like to submit a bug report, please visit:
#   http://java.sun.com/webapps/bugreport/crash.jsp
#

---------------  T H R E A D  ---------------

Current thread (0x003d9000):  JavaThread "Unknown thread" [_thread_in_vm, id=2412, stack(0x00430000,0x00480000)]

Stack: [0x00430000,0x00480000],  sp=0x0047f86c,  free space=318k
Native frames: (J=compiled Java code, j=interpreted, Vv=VM code, C=native code)
V  [jvm.dll+0x13490a]
V  [jvm.dll+0x12f3fb]
V  [jvm.dll+0x1676e]
V  [jvm.dll+0x17faf]
V  [jvm.dll+0x27565]
V  [jvm.dll+0x27da6]
V  [jvm.dll+0x28155]
V  [jvm.dll+0x281e9]
V  [jvm.dll+0x282ac]
V  [jvm.dll+0x2832a]
V  [jvm.dll+0x2840d]
V  [jvm.dll+0x286d9]
V  [jvm.dll+0x6cdd3]
V  [jvm.dll+0x6d1ac]
V  [jvm.dll+0xfa79c]
V  [jvm.dll+0x1190eb]
V  [jvm.dll+0x9f4e0]
C  [javaw.exe+0x1657]
C  [javaw.exe+0x1e2c]
C  [javaw.exe+0x8624]
C  [kernel32.dll+0x1336a]  BaseThreadInitThunk+0x12
C  [ntdll.dll+0x39f72]  RtlInitializeExceptionChain+0x63
C  [ntdll.dll+0x39f45]  RtlInitializeExceptionChain+0x36


---------------  P R O C E S S  ---------------

Java Threads: ( => current thread )

Other Threads:

=>0x003d9000 (exited) JavaThread "Unknown thread" [_thread_in_vm, id=2412, stack(0x00430000,0x00480000)]

VM state:not at safepoint (not fully initialized)

VM Mutex/Monitor currently owned by a thread: None

Dynamic libraries:
0x00400000 - 0x00425000 	C:\Program Files (x86)\Java\jre6\bin\javaw.exe
0x77180000 - 0x77300000 	C:\windows\SysWOW64\ntdll.dll
0x75520000 - 0x75630000 	C:\windows\syswow64\kernel32.dll
0x75150000 - 0x75197000 	C:\windows\syswow64\KERNELBASE.dll
0x74e10000 - 0x74eb0000 	C:\windows\syswow64\ADVAPI32.dll
0x752b0000 - 0x7535c000 	C:\windows\syswow64\msvcrt.dll
0x750e0000 - 0x750f9000 	C:\windows\SysWOW64\sechost.dll
0x75a60000 - 0x75b50000 	C:\windows\syswow64\RPCRT4.dll
0x74ba0000 - 0x74c00000 	C:\windows\syswow64\SspiCli.dll
0x74b90000 - 0x74b9c000 	C:\windows\syswow64\CRYPTBASE.dll
0x768c0000 - 0x769c0000 	C:\windows\syswow64\USER32.dll
0x759d0000 - 0x75a60000 	C:\windows\syswow64\GDI32.dll
0x77150000 - 0x7715a000 	C:\windows\syswow64\LPK.dll
0x75360000 - 0x753fd000 	C:\windows\syswow64\USP10.dll
0x76d20000 - 0x76d80000 	C:\windows\system32\IMM32.DLL
0x758f0000 - 0x759bc000 	C:\windows\syswow64\MSCTF.dll
0x7c340000 - 0x7c396000 	C:\Program Files (x86)\Java\jre6\bin\msvcr71.dll
0x6d7f0000 - 0x6daa0000 	C:\Program Files (x86)\Java\jre6\bin\client\jvm.dll
0x72e00000 - 0x72e32000 	C:\windows\system32\WINMM.dll
0x6e640000 - 0x6e68c000 	C:\windows\system32\apphelp.dll
0x6d7a0000 - 0x6d7ac000 	C:\Program Files (x86)\Java\jre6\bin\verify.dll
0x6d320000 - 0x6d33f000 	C:\Program Files (x86)\Java\jre6\bin\java.dll
0x6d7e0000 - 0x6d7ef000 	C:\Program Files (x86)\Java\jre6\bin\zip.dll
0x75630000 - 0x75635000 	C:\windows\system32\PSAPI.DLL

VM Arguments:
jvm_args: -Dfile.encoding=UTF-8 -Xbootclasspath:C:\Users\dev\android-sdks\platforms\android-15\android.jar 
java_command: org.matheclipse.core.eval.interfaces.Matrix
Launcher Type: SUN_STANDARD

Environment Variables:
PATH=C:/Program Files (x86)/Java/jre6/bin/client;C:/Program Files (x86)/Java/jre6/bin;C:/Program Files (x86)/Java/jre6/lib/i386;C:\Program Files\Common Files\Microsoft Shared\Windows Live;C:\Program Files (x86)\Common Files\Microsoft Shared\Windows Live;C:\windows\system32;C:\windows;C:\windows\System32\Wbem;C:\windows\System32\WindowsPowerShell\v1.0\;C:\Program Files (x86)\Intel\OpenCL SDK\2.0\bin\x86;C:\Program Files (x86)\Intel\OpenCL SDK\2.0\bin\x64;C:\Program Files (x86)\Windows Live\Shared;C:\Program Files (x86)\Mercurial\;C:\eclipse;
USERNAME=dev
OS=Windows_NT
PROCESSOR_IDENTIFIER=Intel64 Family 6 Model 58 Stepping 9, GenuineIntel



---------------  S Y S T E M  ---------------

OS: Windows 7 , 64 bit Build 7601 Service Pack 1

CPU:total 4 (2 cores per cpu, 2 threads per core) family 6 model 58 stepping 9, cmov, cx8, fxsr, mmx, sse, sse2, sse3, ssse3, sse4.1, sse4.2, popcnt, ht

Memory: 4k page, physical 8277508k(5667396k free), swap 16553152k(13946456k free)

vm_info: Java HotSpot(TM) Client VM (20.14-b01) for windows-x86 JRE (1.6.0_43-b01), built on Mar  1 2013 02:51:23 by "java_re" with MS VC++ 7.1 (VS2003)

time: Thu Dec 12 18:25:55 2013
elapsed time: 0 seconds

